[01-Nov-2017 08:30:54 UTC] PHP Warning:  move_uploaded_file(../recordings/11.wav): failed to open stream: No such file or directory in /home/ubuntu/workspace/recordJS/examples/upload.php on line 12
[01-Nov-2017 08:30:54 UTC] PHP Stack trace:
[01-Nov-2017 08:30:54 UTC] PHP   1. {main}() /home/ubuntu/workspace/recordJS/examples/upload.php:0
[01-Nov-2017 08:30:54 UTC] PHP   2. move_uploaded_file() /home/ubuntu/workspace/recordJS/examples/upload.php:12
[01-Nov-2017 08:30:54 UTC] PHP Warning:  move_uploaded_file(): Unable to move '/tmp/phpkSTjqF' to '../recordings/11.wav' in /home/ubuntu/workspace/recordJS/examples/upload.php on line 12
[01-Nov-2017 08:30:54 UTC] PHP Stack trace:
[01-Nov-2017 08:30:54 UTC] PHP   1. {main}() /home/ubuntu/workspace/recordJS/examples/upload.php:0
[01-Nov-2017 08:30:54 UTC] PHP   2. move_uploaded_file() /home/ubuntu/workspace/recordJS/examples/upload.php:12
[01-Nov-2017 08:34:50 UTC] PHP Warning:  move_uploaded_file(../recordings/11.wav): failed to open stream: No such file or directory in /home/ubuntu/workspace/recordJS/examples/upload.php on line 12
[01-Nov-2017 08:34:50 UTC] PHP Stack trace:
[01-Nov-2017 08:34:50 UTC] PHP   1. {main}() /home/ubuntu/workspace/recordJS/examples/upload.php:0
[01-Nov-2017 08:34:50 UTC] PHP   2. move_uploaded_file() /home/ubuntu/workspace/recordJS/examples/upload.php:12
[01-Nov-2017 08:34:50 UTC] PHP Warning:  move_uploaded_file(): Unable to move '/tmp/phpV4iFIe' to '../recordings/11.wav' in /home/ubuntu/workspace/recordJS/examples/upload.php on line 12
[01-Nov-2017 08:34:50 UTC] PHP Stack trace:
[01-Nov-2017 08:34:50 UTC] PHP   1. {main}() /home/ubuntu/workspace/recordJS/examples/upload.php:0
[01-Nov-2017 08:34:50 UTC] PHP   2. move_uploaded_file() /home/ubuntu/workspace/recordJS/examples/upload.php:12
[01-Nov-2017 20:16:16 UTC] PHP Fatal error:  Call to undefined function vardump() in /home/ubuntu/workspace/recordJS/examples/upload.php on line 20
[01-Nov-2017 20:16:16 UTC] PHP Stack trace:
[01-Nov-2017 20:16:16 UTC] PHP   1. {main}() /home/ubuntu/workspace/recordJS/examples/upload.php:0
[01-Nov-2017 20:32:03 UTC] PHP Catchable fatal error:  Object of class stdClass could not be converted to string in /home/ubuntu/workspace/recordJS/examples/upload.php on line 36
[01-Nov-2017 20:32:03 UTC] PHP Stack trace:
[01-Nov-2017 20:32:03 UTC] PHP   1. {main}() /home/ubuntu/workspace/recordJS/examples/upload.php:0
[01-Nov-2017 20:34:21 UTC] PHP Catchable fatal error:  Object of class stdClass could not be converted to string in /home/ubuntu/workspace/recordJS/examples/upload.php on line 36
[01-Nov-2017 20:34:21 UTC] PHP Stack trace:
[01-Nov-2017 20:34:21 UTC] PHP   1. {main}() /home/ubuntu/workspace/recordJS/examples/upload.php:0
[01-Nov-2017 20:36:03 UTC] PHP Catchable fatal error:  Object of class stdClass could not be converted to string in /home/ubuntu/workspace/recordJS/examples/upload.php on line 28
[01-Nov-2017 20:36:03 UTC] PHP Stack trace:
[01-Nov-2017 20:36:03 UTC] PHP   1. {main}() /home/ubuntu/workspace/recordJS/examples/upload.php:0
[01-Nov-2017 20:37:44 UTC] PHP Catchable fatal error:  Object of class stdClass could not be converted to string in /home/ubuntu/workspace/recordJS/examples/upload.php on line 23
[01-Nov-2017 20:37:44 UTC] PHP Stack trace:
[01-Nov-2017 20:37:44 UTC] PHP   1. {main}() /home/ubuntu/workspace/recordJS/examples/upload.php:0
[01-Nov-2017 20:39:36 UTC] PHP Catchable fatal error:  Object of class stdClass could not be converted to string in /home/ubuntu/workspace/recordJS/examples/upload.php on line 23
[01-Nov-2017 20:39:36 UTC] PHP Stack trace:
[01-Nov-2017 20:39:36 UTC] PHP   1. {main}() /home/ubuntu/workspace/recordJS/examples/upload.php:0
[01-Nov-2017 20:55:40 UTC] PHP Catchable fatal error:  Object of class stdClass could not be converted to string in /home/ubuntu/workspace/recordJS/examples/upload.php on line 23
[01-Nov-2017 20:55:40 UTC] PHP Stack trace:
[01-Nov-2017 20:55:40 UTC] PHP   1. {main}() /home/ubuntu/workspace/recordJS/examples/upload.php:0
[01-Nov-2017 20:55:57 UTC] PHP Catchable fatal error:  Object of class stdClass could not be converted to string in /home/ubuntu/workspace/recordJS/examples/upload.php on line 23
[01-Nov-2017 20:55:57 UTC] PHP Stack trace:
[01-Nov-2017 20:55:57 UTC] PHP   1. {main}() /home/ubuntu/workspace/recordJS/examples/upload.php:0
[01-Nov-2017 21:15:38 UTC] PHP Parse error:  syntax error, unexpected '$_SESSION' (T_VARIABLE) in /home/ubuntu/workspace/recordJS/examples/upload.php on line 28
[01-Nov-2017 21:19:38 UTC] PHP Warning:  trim() expects parameter 1 to be string, array given in /home/ubuntu/workspace/recordJS/examples/upload.php on line 26
[01-Nov-2017 21:19:38 UTC] PHP Stack trace:
[01-Nov-2017 21:19:38 UTC] PHP   1. {main}() /home/ubuntu/workspace/recordJS/examples/upload.php:0
[01-Nov-2017 21:19:38 UTC] PHP   2. trim() /home/ubuntu/workspace/recordJS/examples/upload.php:26
[01-Nov-2017 21:38:29 UTC] PHP Parse error:  syntax error, unexpected ';' in /home/ubuntu/workspace/recordJS/examples/upload.php on line 41
[01-Nov-2017 21:47:11 UTC] PHP Parse error:  syntax error, unexpected '}' in /home/ubuntu/workspace/recordJS/examples/upload.php on line 26
[01-Nov-2017 21:54:35 UTC] PHP Parse error:  syntax error, unexpected '}' in /home/ubuntu/workspace/recordJS/examples/upload.php on line 33
[01-Nov-2017 22:00:20 UTC] PHP Parse error:  syntax error, unexpected '.' in /home/ubuntu/workspace/recordJS/examples/upload.php on line 49
[01-Nov-2017 22:00:33 UTC] PHP Warning:  Invalid argument supplied for foreach() in /home/ubuntu/workspace/recordJS/examples/upload.php on line 47
[01-Nov-2017 22:00:33 UTC] PHP Stack trace:
[01-Nov-2017 22:00:33 UTC] PHP   1. {main}() /home/ubuntu/workspace/recordJS/examples/upload.php:0
